_iterNum: 1
_accGain: 0
_maxAccGain: 45855
_moveNum: 150750
_bestMoveNum: 40709
initial _cutSize: 65799
new _cutSize: 19944
---------------------------------
_iterNum: 2
_accGain: 0
_maxAccGain: 5958
_moveNum: 150750
_bestMoveNum: 21351
initial _cutSize: 19944
new _cutSize: 13986
---------------------------------
_iterNum: 3
_accGain: 0
_maxAccGain: 2237
_moveNum: 150750
_bestMoveNum: 6524
initial _cutSize: 13986
new _cutSize: 11749
---------------------------------
_iterNum: 4
_accGain: 0
_maxAccGain: 698
_moveNum: 150750
_bestMoveNum: 139497
initial _cutSize: 11749
new _cutSize: 11051
---------------------------------
_iterNum: 5
_accGain: 0
_maxAccGain: 2021
_moveNum: 150750
_bestMoveNum: 3942
initial _cutSize: 11051
new _cutSize: 9030
---------------------------------
_iterNum: 6
_accGain: 0
_maxAccGain: 762
_moveNum: 150750
_bestMoveNum: 142291
initial _cutSize: 9030
new _cutSize: 8268
---------------------------------
_iterNum: 7
_accGain: 0
_maxAccGain: 753
_moveNum: 150750
_bestMoveNum: 1957
initial _cutSize: 8268
new _cutSize: 7515
---------------------------------
_iterNum: 8
_accGain: 0
_maxAccGain: 28
_moveNum: 150750
_bestMoveNum: 150723
initial _cutSize: 7515
new _cutSize: 7487
---------------------------------
_iterNum: 9
_accGain: 0
_maxAccGain: 183
_moveNum: 150750
_bestMoveNum: 149019
initial _cutSize: 7487
new _cutSize: 7304
---------------------------------
_iterNum: 10
_accGain: 0
_maxAccGain: 82
_moveNum: 150750
_bestMoveNum: 1179
initial _cutSize: 7304
new _cutSize: 7222
---------------------------------
_iterNum: 11
_accGain: 0
_maxAccGain: 62
_moveNum: 150750
_bestMoveNum: 2363
initial _cutSize: 7222
new _cutSize: 7160
---------------------------------
_iterNum: 12
_accGain: 0
_maxAccGain: 114
_moveNum: 150750
_bestMoveNum: 1292
initial _cutSize: 7160
new _cutSize: 7046
---------------------------------
_iterNum: 13
_accGain: 0
_maxAccGain: 7
_moveNum: 150750
_bestMoveNum: 150659
initial _cutSize: 7046
new _cutSize: 7039
---------------------------------
_iterNum: 14
_accGain: 0
_maxAccGain: 136
_moveNum: 150750
_bestMoveNum: 149827
initial _cutSize: 7039
new _cutSize: 6903
---------------------------------
_iterNum: 15
_accGain: 0
_maxAccGain: 80
_moveNum: 150750
_bestMoveNum: 1171
initial _cutSize: 6903
new _cutSize: 6823
---------------------------------
_iterNum: 16
_accGain: 0
_maxAccGain: 1
_moveNum: 150750
_bestMoveNum: 280
initial _cutSize: 6823
new _cutSize: 6822
---------------------------------
_iterNum: 17
_accGain: 0
_maxAccGain: 1
_moveNum: 150750
_bestMoveNum: 150748
initial _cutSize: 6822
new _cutSize: 6821
---------------------------------
_iterNum: 18
_accGain: 0
_maxAccGain: 4
_moveNum: 150750
_bestMoveNum: 720
initial _cutSize: 6821
new _cutSize: 6817
---------------------------------
_iterNum: 19
_accGain: 0
_maxAccGain: 18
_moveNum: 150750
_bestMoveNum: 150568
initial _cutSize: 6817
new _cutSize: 6799
---------------------------------
_iterNum: 20
_accGain: 0
_maxAccGain: 26
_moveNum: 150750
_bestMoveNum: 26
initial _cutSize: 6799
new _cutSize: 6773
---------------------------------
_iterNum: 21
_accGain: 0
_maxAccGain: 3
_moveNum: 150750
_bestMoveNum: 150711
initial _cutSize: 6773
new _cutSize: 6770
---------------------------------
_iterNum: 22
_accGain: 0
_maxAccGain: 0
_moveNum: 150750
_bestMoveNum: 0
initial _cutSize: 6770
new _cutSize: 6770
---------------------------------

==================== Summary ====================
 Cutsize: 6770
 Total cell number: 150750
 Total net number:  166998
 Cell Number of partition A: 90142
 Cell Number of partition B: 60608
=================================================

execution time: 11(sec)
