_iterNum: 1
_accGain: 0
_maxAccGain: 88751
_moveNum: 382489
_bestMoveNum: 158914
initial _cutSize: 251653
new _cutSize: 162902
---------------------------------
_iterNum: 2
_accGain: 0
_maxAccGain: 12700
_moveNum: 382489
_bestMoveNum: 66890
initial _cutSize: 162902
new _cutSize: 150202
---------------------------------
_iterNum: 3
_accGain: 0
_maxAccGain: 3259
_moveNum: 382489
_bestMoveNum: 39316
initial _cutSize: 150202
new _cutSize: 146943
---------------------------------
_iterNum: 4
_accGain: 0
_maxAccGain: 1438
_moveNum: 382489
_bestMoveNum: 29472
initial _cutSize: 146943
new _cutSize: 145505
---------------------------------
_iterNum: 5
_accGain: 0
_maxAccGain: 599
_moveNum: 382489
_bestMoveNum: 23942
initial _cutSize: 145505
new _cutSize: 144906
---------------------------------
_iterNum: 6
_accGain: 0
_maxAccGain: 324
_moveNum: 382489
_bestMoveNum: 21546
initial _cutSize: 144906
new _cutSize: 144582
---------------------------------
_iterNum: 7
_accGain: 0
_maxAccGain: 196
_moveNum: 382489
_bestMoveNum: 20172
initial _cutSize: 144582
new _cutSize: 144386
---------------------------------
_iterNum: 8
_accGain: 0
_maxAccGain: 125
_moveNum: 382489
_bestMoveNum: 19276
initial _cutSize: 144386
new _cutSize: 144261
---------------------------------
_iterNum: 9
_accGain: 0
_maxAccGain: 70
_moveNum: 382489
_bestMoveNum: 17572
initial _cutSize: 144261
new _cutSize: 144191
---------------------------------
_iterNum: 10
_accGain: 0
_maxAccGain: 35
_moveNum: 382489
_bestMoveNum: 17582
initial _cutSize: 144191
new _cutSize: 144156
---------------------------------
_iterNum: 11
_accGain: 0
_maxAccGain: 27
_moveNum: 382489
_bestMoveNum: 17754
initial _cutSize: 144156
new _cutSize: 144129
---------------------------------
_iterNum: 12
_accGain: 0
_maxAccGain: 15
_moveNum: 382489
_bestMoveNum: 16644
initial _cutSize: 144129
new _cutSize: 144114
---------------------------------
_iterNum: 13
_accGain: 0
_maxAccGain: 12
_moveNum: 382489
_bestMoveNum: 16656
initial _cutSize: 144114
new _cutSize: 144102
---------------------------------
_iterNum: 14
_accGain: 0
_maxAccGain: 11
_moveNum: 382489
_bestMoveNum: 16524
initial _cutSize: 144102
new _cutSize: 144091
---------------------------------
_iterNum: 15
_accGain: 0
_maxAccGain: 2
_moveNum: 382489
_bestMoveNum: 382461
initial _cutSize: 144091
new _cutSize: 144089
---------------------------------
_iterNum: 16
_accGain: 0
_maxAccGain: 56
_moveNum: 382489
_bestMoveNum: 18965
initial _cutSize: 144089
new _cutSize: 144033
---------------------------------
_iterNum: 17
_accGain: 0
_maxAccGain: 81
_moveNum: 382489
_bestMoveNum: 19359
initial _cutSize: 144033
new _cutSize: 143952
---------------------------------
_iterNum: 18
_accGain: 0
_maxAccGain: 37
_moveNum: 382489
_bestMoveNum: 18836
initial _cutSize: 143952
new _cutSize: 143915
---------------------------------
_iterNum: 19
_accGain: 0
_maxAccGain: 22
_moveNum: 382489
_bestMoveNum: 18327
initial _cutSize: 143915
new _cutSize: 143893
---------------------------------
_iterNum: 20
_accGain: 0
_maxAccGain: 9
_moveNum: 382489
_bestMoveNum: 16360
initial _cutSize: 143893
new _cutSize: 143884
---------------------------------
_iterNum: 21
_accGain: 0
_maxAccGain: 8
_moveNum: 382489
_bestMoveNum: 16382
initial _cutSize: 143884
new _cutSize: 143876
---------------------------------
_iterNum: 22
_accGain: 0
_maxAccGain: 7
_moveNum: 382489
_bestMoveNum: 18205
initial _cutSize: 143876
new _cutSize: 143869
---------------------------------
_iterNum: 23
_accGain: 0
_maxAccGain: 3
_moveNum: 382489
_bestMoveNum: 15110
initial _cutSize: 143869
new _cutSize: 143866
---------------------------------
_iterNum: 24
_accGain: 0
_maxAccGain: 8
_moveNum: 382489
_bestMoveNum: 14612
initial _cutSize: 143866
new _cutSize: 143858
---------------------------------
_iterNum: 25
_accGain: 0
_maxAccGain: 11
_moveNum: 382489
_bestMoveNum: 17435
initial _cutSize: 143858
new _cutSize: 143847
---------------------------------
_iterNum: 26
_accGain: 0
_maxAccGain: 7
_moveNum: 382489
_bestMoveNum: 17719
initial _cutSize: 143847
new _cutSize: 143840
---------------------------------
_iterNum: 27
_accGain: 0
_maxAccGain: 5
_moveNum: 382489
_bestMoveNum: 382307
initial _cutSize: 143840
new _cutSize: 143835
---------------------------------
_iterNum: 28
_accGain: 0
_maxAccGain: 36
_moveNum: 382489
_bestMoveNum: 16948
initial _cutSize: 143835
new _cutSize: 143799
---------------------------------
_iterNum: 29
_accGain: 0
_maxAccGain: 15
_moveNum: 382489
_bestMoveNum: 15226
initial _cutSize: 143799
new _cutSize: 143784
---------------------------------
_iterNum: 30
_accGain: 0
_maxAccGain: 15
_moveNum: 382489
_bestMoveNum: 15014
initial _cutSize: 143784
new _cutSize: 143769
---------------------------------
_iterNum: 31
_accGain: 0
_maxAccGain: 11
_moveNum: 382489
_bestMoveNum: 16012
initial _cutSize: 143769
new _cutSize: 143758
---------------------------------
_iterNum: 32
_accGain: 0
_maxAccGain: 9
_moveNum: 382489
_bestMoveNum: 15244
initial _cutSize: 143758
new _cutSize: 143749
---------------------------------
_iterNum: 33
_accGain: 0
_maxAccGain: 8
_moveNum: 382489
_bestMoveNum: 14648
initial _cutSize: 143749
new _cutSize: 143741
---------------------------------
_iterNum: 34
_accGain: 0
_maxAccGain: 2
_moveNum: 382489
_bestMoveNum: 382457
initial _cutSize: 143741
new _cutSize: 143739
---------------------------------
_iterNum: 35
_accGain: 0
_maxAccGain: 10
_moveNum: 382489
_bestMoveNum: 16560
initial _cutSize: 143739
new _cutSize: 143729
---------------------------------
_iterNum: 36
_accGain: 0
_maxAccGain: 5
_moveNum: 382489
_bestMoveNum: 16666
initial _cutSize: 143729
new _cutSize: 143724
---------------------------------
_iterNum: 37
_accGain: 0
_maxAccGain: 1
_moveNum: 382489
_bestMoveNum: 382466
initial _cutSize: 143724
new _cutSize: 143723
---------------------------------
_iterNum: 38
_accGain: 0
_maxAccGain: 5
_moveNum: 382489
_bestMoveNum: 9289
initial _cutSize: 143723
new _cutSize: 143718
---------------------------------
_iterNum: 39
_accGain: 0
_maxAccGain: 17
_moveNum: 382489
_bestMoveNum: 14294
initial _cutSize: 143718
new _cutSize: 143701
---------------------------------
_iterNum: 40
_accGain: 0
_maxAccGain: 11
_moveNum: 382489
_bestMoveNum: 14242
initial _cutSize: 143701
new _cutSize: 143690
---------------------------------
_iterNum: 41
_accGain: 0
_maxAccGain: 9
_moveNum: 382489
_bestMoveNum: 15472
initial _cutSize: 143690
new _cutSize: 143681
---------------------------------
_iterNum: 42
_accGain: 0
_maxAccGain: 1
_moveNum: 382489
_bestMoveNum: 13144
initial _cutSize: 143681
new _cutSize: 143680
---------------------------------
_iterNum: 43
_accGain: 0
_maxAccGain: 6
_moveNum: 382489
_bestMoveNum: 13984
initial _cutSize: 143680
new _cutSize: 143674
---------------------------------
_iterNum: 44
_accGain: 0
_maxAccGain: 1
_moveNum: 382489
_bestMoveNum: 1554
initial _cutSize: 143674
new _cutSize: 143673
---------------------------------
_iterNum: 45
_accGain: 0
_maxAccGain: 3
_moveNum: 382489
_bestMoveNum: 14991
initial _cutSize: 143673
new _cutSize: 143670
---------------------------------
_iterNum: 46
_accGain: 0
_maxAccGain: 4
_moveNum: 382489
_bestMoveNum: 14519
initial _cutSize: 143670
new _cutSize: 143666
---------------------------------
_iterNum: 47
_accGain: 0
_maxAccGain: 2
_moveNum: 382489
_bestMoveNum: 6834
initial _cutSize: 143666
new _cutSize: 143664
---------------------------------
_iterNum: 48
_accGain: 0
_maxAccGain: 10
_moveNum: 382489
_bestMoveNum: 8130
initial _cutSize: 143664
new _cutSize: 143654
---------------------------------
_iterNum: 49
_accGain: 0
_maxAccGain: 4
_moveNum: 382489
_bestMoveNum: 11642
initial _cutSize: 143654
new _cutSize: 143650
---------------------------------
_iterNum: 50
_accGain: 0
_maxAccGain: 4
_moveNum: 382489
_bestMoveNum: 6722
initial _cutSize: 143650
new _cutSize: 143646
---------------------------------
_iterNum: 51
_accGain: 0
_maxAccGain: 5
_moveNum: 382489
_bestMoveNum: 13568
initial _cutSize: 143646
new _cutSize: 143641
---------------------------------
_iterNum: 52
_accGain: 0
_maxAccGain: 1
_moveNum: 382489
_bestMoveNum: 844
initial _cutSize: 143641
new _cutSize: 143640
---------------------------------
_iterNum: 53
_accGain: 0
_maxAccGain: 1
_moveNum: 382489
_bestMoveNum: 382483
initial _cutSize: 143640
new _cutSize: 143639
---------------------------------
_iterNum: 54
_accGain: 0
_maxAccGain: 5
_moveNum: 382489
_bestMoveNum: 15079
initial _cutSize: 143639
new _cutSize: 143634
---------------------------------
_iterNum: 55
_accGain: 0
_maxAccGain: 4
_moveNum: 382489
_bestMoveNum: 13708
initial _cutSize: 143634
new _cutSize: 143630
---------------------------------
_iterNum: 56
_accGain: 0
_maxAccGain: 2
_moveNum: 382489
_bestMoveNum: 382442
initial _cutSize: 143630
new _cutSize: 143628
---------------------------------
_iterNum: 57
_accGain: 0
_maxAccGain: 8
_moveNum: 382489
_bestMoveNum: 11670
initial _cutSize: 143628
new _cutSize: 143620
---------------------------------
_iterNum: 58
_accGain: 0
_maxAccGain: 4
_moveNum: 382489
_bestMoveNum: 11736
initial _cutSize: 143620
new _cutSize: 143616
---------------------------------
_iterNum: 59
_accGain: 0
_maxAccGain: 1
_moveNum: 382489
_bestMoveNum: 13144
initial _cutSize: 143616
new _cutSize: 143615
---------------------------------
_iterNum: 60
_accGain: 0
_maxAccGain: 2
_moveNum: 382489
_bestMoveNum: 382385
initial _cutSize: 143615
new _cutSize: 143613
---------------------------------
_iterNum: 61
_accGain: 0
_maxAccGain: 26
_moveNum: 382489
_bestMoveNum: 15720
initial _cutSize: 143613
new _cutSize: 143587
---------------------------------
_iterNum: 62
_accGain: 0
_maxAccGain: 6
_moveNum: 382489
_bestMoveNum: 15738
initial _cutSize: 143587
new _cutSize: 143581
---------------------------------
_iterNum: 63
_accGain: 0
_maxAccGain: 1
_moveNum: 382489
_bestMoveNum: 382447
initial _cutSize: 143581
new _cutSize: 143580
---------------------------------
_iterNum: 64
_accGain: 0
_maxAccGain: 7
_moveNum: 382489
_bestMoveNum: 12836
initial _cutSize: 143580
new _cutSize: 143573
---------------------------------
_iterNum: 65
_accGain: 0
_maxAccGain: 4
_moveNum: 382489
_bestMoveNum: 14962
initial _cutSize: 143573
new _cutSize: 143569
---------------------------------
_iterNum: 66
_accGain: 0
_maxAccGain: 15
_moveNum: 382489
_bestMoveNum: 14708
initial _cutSize: 143569
new _cutSize: 143554
---------------------------------
_iterNum: 67
_accGain: 0
_maxAccGain: 8
_moveNum: 382489
_bestMoveNum: 7968
initial _cutSize: 143554
new _cutSize: 143546
---------------------------------
_iterNum: 68
_accGain: 0
_maxAccGain: 6
_moveNum: 382489
_bestMoveNum: 14018
initial _cutSize: 143546
new _cutSize: 143540
---------------------------------
_iterNum: 69
_accGain: 0
_maxAccGain: 1
_moveNum: 382489
_bestMoveNum: 4044
initial _cutSize: 143540
new _cutSize: 143539
---------------------------------
_iterNum: 70
_accGain: 0
_maxAccGain: 9
_moveNum: 382489
_bestMoveNum: 12362
initial _cutSize: 143539
new _cutSize: 143530
---------------------------------
_iterNum: 71
_accGain: 0
_maxAccGain: 3
_moveNum: 382489
_bestMoveNum: 11482
initial _cutSize: 143530
new _cutSize: 143527
---------------------------------
_iterNum: 72
_accGain: 0
_maxAccGain: 0
_moveNum: 382489
_bestMoveNum: 0
initial _cutSize: 143527
new _cutSize: 143527
---------------------------------

==================== Summary ====================
 Cutsize: 143527
 Total cell number: 382489
 Total net number:  483599
 Cell Number of partition A: 189332
 Cell Number of partition B: 193157
=================================================

execution time: 67(sec)
