_iterNum: 1
_accGain: 0
_maxAccGain: 30938
_moveNum: 150750
_bestMoveNum: 64050
initial _cutSize: 82801
new _cutSize: 51863
---------------------------------
_iterNum: 2
_accGain: 0
_maxAccGain: 4575
_moveNum: 150750
_bestMoveNum: 26186
initial _cutSize: 51863
new _cutSize: 47288
---------------------------------
_iterNum: 3
_accGain: 0
_maxAccGain: 1123
_moveNum: 150750
_bestMoveNum: 15350
initial _cutSize: 47288
new _cutSize: 46165
---------------------------------
_iterNum: 4
_accGain: 0
_maxAccGain: 477
_moveNum: 150750
_bestMoveNum: 12226
initial _cutSize: 46165
new _cutSize: 45688
---------------------------------
_iterNum: 5
_accGain: 0
_maxAccGain: 219
_moveNum: 150750
_bestMoveNum: 10014
initial _cutSize: 45688
new _cutSize: 45469
---------------------------------
_iterNum: 6
_accGain: 0
_maxAccGain: 115
_moveNum: 150750
_bestMoveNum: 9252
initial _cutSize: 45469
new _cutSize: 45354
---------------------------------
_iterNum: 7
_accGain: 0
_maxAccGain: 64
_moveNum: 150750
_bestMoveNum: 9006
initial _cutSize: 45354
new _cutSize: 45290
---------------------------------
_iterNum: 8
_accGain: 0
_maxAccGain: 51
_moveNum: 150750
_bestMoveNum: 8240
initial _cutSize: 45290
new _cutSize: 45239
---------------------------------
_iterNum: 9
_accGain: 0
_maxAccGain: 21
_moveNum: 150750
_bestMoveNum: 7862
initial _cutSize: 45239
new _cutSize: 45218
---------------------------------
_iterNum: 10
_accGain: 0
_maxAccGain: 11
_moveNum: 150750
_bestMoveNum: 8342
initial _cutSize: 45218
new _cutSize: 45207
---------------------------------
_iterNum: 11
_accGain: 0
_maxAccGain: 24
_moveNum: 150750
_bestMoveNum: 8550
initial _cutSize: 45207
new _cutSize: 45183
---------------------------------
_iterNum: 12
_accGain: 0
_maxAccGain: 14
_moveNum: 150750
_bestMoveNum: 8162
initial _cutSize: 45183
new _cutSize: 45169
---------------------------------
_iterNum: 13
_accGain: 0
_maxAccGain: 3
_moveNum: 150750
_bestMoveNum: 1810
initial _cutSize: 45169
new _cutSize: 45166
---------------------------------
_iterNum: 14
_accGain: 0
_maxAccGain: 15
_moveNum: 150750
_bestMoveNum: 7796
initial _cutSize: 45166
new _cutSize: 45151
---------------------------------
_iterNum: 15
_accGain: 0
_maxAccGain: 7
_moveNum: 150750
_bestMoveNum: 5930
initial _cutSize: 45151
new _cutSize: 45144
---------------------------------
_iterNum: 16
_accGain: 0
_maxAccGain: 6
_moveNum: 150750
_bestMoveNum: 7446
initial _cutSize: 45144
new _cutSize: 45138
---------------------------------
_iterNum: 17
_accGain: 0
_maxAccGain: 13
_moveNum: 150750
_bestMoveNum: 7452
initial _cutSize: 45138
new _cutSize: 45125
---------------------------------
_iterNum: 18
_accGain: 0
_maxAccGain: 6
_moveNum: 150750
_bestMoveNum: 6820
initial _cutSize: 45125
new _cutSize: 45119
---------------------------------
_iterNum: 19
_accGain: 0
_maxAccGain: 1
_moveNum: 150750
_bestMoveNum: 150706
initial _cutSize: 45119
new _cutSize: 45118
---------------------------------
_iterNum: 20
_accGain: 0
_maxAccGain: 6
_moveNum: 150750
_bestMoveNum: 3424
initial _cutSize: 45118
new _cutSize: 45112
---------------------------------
_iterNum: 21
_accGain: 0
_maxAccGain: 5
_moveNum: 150750
_bestMoveNum: 5653
initial _cutSize: 45112
new _cutSize: 45107
---------------------------------
_iterNum: 22
_accGain: 0
_maxAccGain: 3
_moveNum: 150750
_bestMoveNum: 6579
initial _cutSize: 45107
new _cutSize: 45104
---------------------------------
_iterNum: 23
_accGain: 0
_maxAccGain: 0
_moveNum: 150750
_bestMoveNum: 0
initial _cutSize: 45104
new _cutSize: 45104
---------------------------------

==================== Summary ====================
 Cutsize: 45104
 Total cell number: 150750
 Total net number:  166998
 Cell Number of partition A: 75391
 Cell Number of partition B: 75359
=================================================

execution time: 7(sec)
